<?xml version="1.0" encoding="UTF-8"?>
<testsuite xmlns:xsi="http://www.w3.org/2001/XMLSchema-instance" xsi:noNamespaceSchemaLocation="https://maven.apache.org/surefire/maven-surefire-plugin/xsd/surefire-test-report-3.0.xsd" version="3.0" name="calculadora2022.RunCucumberTest" time="0.257" tests="24" errors="0" skipped="0" failures="0">
  <properties>
    <property name="sun.desktop" value="gnome"/>
    <property name="awt.toolkit" value="sun.awt.X11.XToolkit"/>
    <property name="java.specification.version" value="11"/>
    <property name="sun.cpu.isalist" value=""/>
    <property name="sun.jnu.encoding" value="UTF-8"/>
    <property name="java.class.path" value="/home/florin/Documentos/eclipse-workspace/Calculadora2022-cucumber/target/test-classes:/home/florin/Documentos/eclipse-workspace/Calculadora2022-cucumber/target/classes:/home/florin/.m2/repository/io/cucumber/cucumber-java/7.0.0/cucumber-java-7.0.0.jar:/home/florin/.m2/repository/io/cucumber/cucumber-core/7.0.0/cucumber-core-7.0.0.jar:/home/florin/.m2/repository/io/cucumber/cucumber-gherkin/7.0.0/cucumber-gherkin-7.0.0.jar:/home/florin/.m2/repository/io/cucumber/cucumber-gherkin-messages/7.0.0/cucumber-gherkin-messages-7.0.0.jar:/home/florin/.m2/repository/io/cucumber/messages/17.1.1/messages-17.1.1.jar:/home/florin/.m2/repository/io/cucumber/tag-expressions/4.0.2/tag-expressions-4.0.2.jar:/home/florin/.m2/repository/io/cucumber/cucumber-expressions/13.0.1/cucumber-expressions-13.0.1.jar:/home/florin/.m2/repository/io/cucumber/datatable/7.0.0/datatable-7.0.0.jar:/home/florin/.m2/repository/io/cucumber/cucumber-plugin/7.0.0/cucumber-plugin-7.0.0.jar:/home/florin/.m2/repository/io/cucumber/docstring/7.0.0/docstring-7.0.0.jar:/home/florin/.m2/repository/io/cucumber/html-formatter/17.0.0/html-formatter-17.0.0.jar:/home/florin/.m2/repository/io/cucumber/create-meta/6.0.1/create-meta-6.0.1.jar:/home/florin/.m2/repository/org/apiguardian/apiguardian-api/1.1.2/apiguardian-api-1.1.2.jar:/home/florin/.m2/repository/io/cucumber/cucumber-junit-platform-engine/7.0.0/cucumber-junit-platform-engine-7.0.0.jar:/home/florin/.m2/repository/org/junit/platform/junit-platform-engine/1.8.1/junit-platform-engine-1.8.1.jar:/home/florin/.m2/repository/org/opentest4j/opentest4j/1.2.0/opentest4j-1.2.0.jar:/home/florin/.m2/repository/org/junit/platform/junit-platform-commons/1.8.1/junit-platform-commons-1.8.1.jar:/home/florin/.m2/repository/org/junit/platform/junit-platform-suite/1.8.1/junit-platform-suite-1.8.1.jar:/home/florin/.m2/repository/org/junit/platform/junit-platform-suite-api/1.8.1/junit-platform-suite-api-1.8.1.jar:/home/florin/.m2/repository/org/junit/platform/junit-platform-suite-engine/1.8.1/junit-platform-suite-engine-1.8.1.jar:/home/florin/.m2/repository/org/junit/platform/junit-platform-suite-commons/1.8.1/junit-platform-suite-commons-1.8.1.jar:/home/florin/.m2/repository/org/junit/platform/junit-platform-launcher/1.8.1/junit-platform-launcher-1.8.1.jar:/home/florin/.m2/repository/org/junit/jupiter/junit-jupiter/5.8.1/junit-jupiter-5.8.1.jar:/home/florin/.m2/repository/org/junit/jupiter/junit-jupiter-api/5.8.1/junit-jupiter-api-5.8.1.jar:/home/florin/.m2/repository/org/junit/jupiter/junit-jupiter-params/5.8.1/junit-jupiter-params-5.8.1.jar:/home/florin/.m2/repository/org/junit/jupiter/junit-jupiter-engine/5.8.1/junit-jupiter-engine-5.8.1.jar:"/>
    <property name="java.vm.vendor" value="Ubuntu"/>
    <property name="sun.arch.data.model" value="64"/>
    <property name="java.vendor.url" value="https://ubuntu.com/"/>
    <property name="user.timezone" value="Europe/Madrid"/>
    <property name="java.vm.specification.version" value="11"/>
    <property name="os.name" value="Linux"/>
    <property name="sun.java.launcher" value="SUN_STANDARD"/>
    <property name="user.country" value="ES"/>
    <property name="sun.boot.library.path" value="/usr/lib/jvm/java-11-openjdk-amd64/lib"/>
    <property name="sun.java.command" value="/home/florin/Documentos/eclipse-workspace/Calculadora2022-cucumber/target/surefire/surefirebooter8082585402274014891.jar /home/florin/Documentos/eclipse-workspace/Calculadora2022-cucumber/target/surefire 2022-03-19T12-17-35_033-jvmRun1 surefire14584627201325216418tmp surefire_010430500229543103940tmp"/>
    <property name="jdk.debug" value="release"/>
    <property name="surefire.test.class.path" value="/home/florin/Documentos/eclipse-workspace/Calculadora2022-cucumber/target/test-classes:/home/florin/Documentos/eclipse-workspace/Calculadora2022-cucumber/target/classes:/home/florin/.m2/repository/io/cucumber/cucumber-java/7.0.0/cucumber-java-7.0.0.jar:/home/florin/.m2/repository/io/cucumber/cucumber-core/7.0.0/cucumber-core-7.0.0.jar:/home/florin/.m2/repository/io/cucumber/cucumber-gherkin/7.0.0/cucumber-gherkin-7.0.0.jar:/home/florin/.m2/repository/io/cucumber/cucumber-gherkin-messages/7.0.0/cucumber-gherkin-messages-7.0.0.jar:/home/florin/.m2/repository/io/cucumber/messages/17.1.1/messages-17.1.1.jar:/home/florin/.m2/repository/io/cucumber/tag-expressions/4.0.2/tag-expressions-4.0.2.jar:/home/florin/.m2/repository/io/cucumber/cucumber-expressions/13.0.1/cucumber-expressions-13.0.1.jar:/home/florin/.m2/repository/io/cucumber/datatable/7.0.0/datatable-7.0.0.jar:/home/florin/.m2/repository/io/cucumber/cucumber-plugin/7.0.0/cucumber-plugin-7.0.0.jar:/home/florin/.m2/repository/io/cucumber/docstring/7.0.0/docstring-7.0.0.jar:/home/florin/.m2/repository/io/cucumber/html-formatter/17.0.0/html-formatter-17.0.0.jar:/home/florin/.m2/repository/io/cucumber/create-meta/6.0.1/create-meta-6.0.1.jar:/home/florin/.m2/repository/org/apiguardian/apiguardian-api/1.1.2/apiguardian-api-1.1.2.jar:/home/florin/.m2/repository/io/cucumber/cucumber-junit-platform-engine/7.0.0/cucumber-junit-platform-engine-7.0.0.jar:/home/florin/.m2/repository/org/junit/platform/junit-platform-engine/1.8.1/junit-platform-engine-1.8.1.jar:/home/florin/.m2/repository/org/opentest4j/opentest4j/1.2.0/opentest4j-1.2.0.jar:/home/florin/.m2/repository/org/junit/platform/junit-platform-commons/1.8.1/junit-platform-commons-1.8.1.jar:/home/florin/.m2/repository/org/junit/platform/junit-platform-suite/1.8.1/junit-platform-suite-1.8.1.jar:/home/florin/.m2/repository/org/junit/platform/junit-platform-suite-api/1.8.1/junit-platform-suite-api-1.8.1.jar:/home/florin/.m2/repository/org/junit/platform/junit-platform-suite-engine/1.8.1/junit-platform-suite-engine-1.8.1.jar:/home/florin/.m2/repository/org/junit/platform/junit-platform-suite-commons/1.8.1/junit-platform-suite-commons-1.8.1.jar:/home/florin/.m2/repository/org/junit/platform/junit-platform-launcher/1.8.1/junit-platform-launcher-1.8.1.jar:/home/florin/.m2/repository/org/junit/jupiter/junit-jupiter/5.8.1/junit-jupiter-5.8.1.jar:/home/florin/.m2/repository/org/junit/jupiter/junit-jupiter-api/5.8.1/junit-jupiter-api-5.8.1.jar:/home/florin/.m2/repository/org/junit/jupiter/junit-jupiter-params/5.8.1/junit-jupiter-params-5.8.1.jar:/home/florin/.m2/repository/org/junit/jupiter/junit-jupiter-engine/5.8.1/junit-jupiter-engine-5.8.1.jar:"/>
    <property name="sun.cpu.endian" value="little"/>
    <property name="user.home" value="/home/florin"/>
    <property name="user.language" value="es"/>
    <property name="java.specification.vendor" value="Oracle Corporation"/>
    <property name="java.version.date" value="2022-01-18"/>
    <property name="java.home" value="/usr/lib/jvm/java-11-openjdk-amd64"/>
    <property name="file.separator" value="/"/>
    <property name="basedir" value="/home/florin/Documentos/eclipse-workspace/Calculadora2022-cucumber"/>
    <property name="java.vm.compressedOopsMode" value="Zero based"/>
    <property name="line.separator" value="&#10;"/>
    <property name="java.specification.name" value="Java Platform API Specification"/>
    <property name="java.vm.specification.vendor" value="Oracle Corporation"/>
    <property name="java.awt.graphicsenv" value="sun.awt.X11GraphicsEnvironment"/>
    <property name="surefire.real.class.path" value="/home/florin/Documentos/eclipse-workspace/Calculadora2022-cucumber/target/surefire/surefirebooter8082585402274014891.jar"/>
    <property name="sun.management.compiler" value="HotSpot 64-Bit Tiered Compilers"/>
    <property name="java.runtime.version" value="11.0.14+9-Ubuntu-0ubuntu2.20.04"/>
    <property name="user.name" value="florin"/>
    <property name="path.separator" value=":"/>
    <property name="os.version" value="5.4.0-104-generic"/>
    <property name="java.runtime.name" value="OpenJDK Runtime Environment"/>
    <property name="file.encoding" value="UTF-8"/>
    <property name="java.vm.name" value="OpenJDK 64-Bit Server VM"/>
    <property name="localRepository" value="/home/florin/.m2/repository"/>
    <property name="java.vendor.url.bug" value="https://bugs.launchpad.net/ubuntu/+source/openjdk-lts"/>
    <property name="java.io.tmpdir" value="/tmp"/>
    <property name="java.version" value="11.0.14"/>
    <property name="user.dir" value="/home/florin/Documentos/eclipse-workspace/Calculadora2022-cucumber"/>
    <property name="os.arch" value="amd64"/>
    <property name="java.vm.specification.name" value="Java Virtual Machine Specification"/>
    <property name="java.awt.printerjob" value="sun.print.PSPrinterJob"/>
    <property name="sun.os.patch.level" value="unknown"/>
    <property name="java.library.path" value="/usr/java/packages/lib:/usr/lib/x86_64-linux-gnu/jni:/lib/x86_64-linux-gnu:/usr/lib/x86_64-linux-gnu:/usr/lib/jni:/lib:/usr/lib"/>
    <property name="java.vm.info" value="mixed mode, sharing"/>
    <property name="java.vendor" value="Ubuntu"/>
    <property name="java.vm.version" value="11.0.14+9-Ubuntu-0ubuntu2.20.04"/>
    <property name="sun.io.unicode.encoding" value="UnicodeLittle"/>
    <property name="java.class.version" value="55.0"/>
  </properties>
  <testcase name="Divide positive numbers greater than 0" classname="Divide two numbers" time="0.052">
    <system-out><![CDATA[
Scenario: Divide positive numbers greater than 0 &amp#27;[90m# calculadora2022/division.feature:3&amp#27;[0m
  &amp#27;[32mGiven &amp#27;[0m&amp#27;[32mI have a calculator&amp#27;[0m                      &amp#27;[90m# calculadora2022.StepDefinitions.i_have_a_calculator()&amp#27;[0m
  &amp#27;[32mWhen &amp#27;[0m&amp#27;[32mI want to divide &amp#27;[0m&amp#27;[32m&amp#27;[1m14&amp#27;[0m&amp#27;[32m by &amp#27;[0m&amp#27;[32m&amp#27;[1m7&amp#27;[0m                  &amp#27;[90m# calculadora2022.StepDefinitions.i_want_to_divide_and(double,double)&amp#27;[0m
  &amp#27;[32mThen &amp#27;[0m&amp#27;[32mI should recieve a correct &amp#27;[0m&amp#27;[32m&amp#27;[1m2&amp#27;[0m              &amp#27;[90m# calculadora2022.StepDefinitions.i_should_recieve_a_correct_answer(double)&amp#27;[0m
]]></system-out>
  </testcase>
  <testcase name="Trying to divide by zero" classname="Divide two numbers" time="0.006">
    <system-out><![CDATA[
Scenario: Trying to divide by zero            &amp#27;[90m# calculadora2022/division.feature:7&amp#27;[0m
  &amp#27;[32mGiven &amp#27;[0m&amp#27;[32mI have a calculator&amp#27;[0m                   &amp#27;[90m# calculadora2022.StepDefinitions.i_have_a_calculator()&amp#27;[0m
  &amp#27;[32mWhen &amp#27;[0m&amp#27;[32mI want to divide any number by zero&amp#27;[0m    &amp#27;[90m# calculadora2022.StepDefinitions.i_want_to_divide_any_number_by_zero()&amp#27;[0m
  &amp#27;[32mThen &amp#27;[0m&amp#27;[32mI should not be able to divive by zero&amp#27;[0m &amp#27;[90m# calculadora2022.StepDefinitions.i_should_not_be_able_to_divive_by_zero()&amp#27;[0m
]]></system-out>
  </testcase>
  <testcase name="Compute the factorial of a number greater than 0" classname="Compute the factorial of a number" time="0.006">
    <system-out><![CDATA[
Scenario: Compute the factorial of a number greater than 0 &amp#27;[90m# calculadora2022/factorial.feature:2&amp#27;[0m
  &amp#27;[32mGiven &amp#27;[0m&amp#27;[32mI have a calculator&amp#27;[0m                                &amp#27;[90m# calculadora2022.StepDefinitions.i_have_a_calculator()&amp#27;[0m
  &amp#27;[32mWhen &amp#27;[0m&amp#27;[32mI want to compute the factorial of &amp#27;[0m&amp#27;[32m&amp#27;[1m4&amp#27;[0m                &amp#27;[90m# calculadora2022.StepDefinitions.i_want_to_compute_the_factorial_of(int)&amp#27;[0m
  &amp#27;[32mThen &amp#27;[0m&amp#27;[32mI should recieve a correct integer &amp#27;[0m&amp#27;[32m&amp#27;[1m24&amp#27;[0m               &amp#27;[90m# calculadora2022.StepDefinitions.i_should_recieve_a_correct_integer(int)&amp#27;[0m
]]></system-out>
  </testcase>
  <testcase name="Determine if a number greater than 1 is prime" classname="Determine if a integer is prime or not" time="0.005">
    <system-out><![CDATA[
Scenario: Determine if a number greater than 1 is prime &amp#27;[90m# calculadora2022/isPrimeNumber.feature:2&amp#27;[0m
  &amp#27;[32mGiven &amp#27;[0m&amp#27;[32mI have a calculator&amp#27;[0m                             &amp#27;[90m# calculadora2022.StepDefinitions.i_have_a_calculator()&amp#27;[0m
  &amp#27;[32mWhen &amp#27;[0m&amp#27;[32mI want to know if &amp#27;[0m&amp#27;[32m&amp#27;[1m5&amp#27;[0m&amp#27;[32m is prime&amp#27;[0m                     &amp#27;[90m# calculadora2022.StepDefinitions.i_want_to_know_if_is_prime(int)&amp#27;[0m
  &amp#27;[32mThen &amp#27;[0m&amp#27;[32mThe program should identify it is a prime number&amp#27;[0m &amp#27;[90m# calculadora2022.StepDefinitions.i_should_recieve_true()&amp#27;[0m
]]></system-out>
  </testcase>
  <testcase name="Multiply positive numbers" classname="Multiply two numbers" time="0.005">
    <system-out><![CDATA[
Scenario: Multiply positive numbers  &amp#27;[90m# calculadora2022/multiplicacion.feature:3&amp#27;[0m
  &amp#27;[32mGiven &amp#27;[0m&amp#27;[32mI have a calculator&amp#27;[0m          &amp#27;[90m# calculadora2022.StepDefinitions.i_have_a_calculator()&amp#27;[0m
  &amp#27;[32mWhen &amp#27;[0m&amp#27;[32mI want to multiply &amp#27;[0m&amp#27;[32m&amp#27;[1m8&amp#27;[0m&amp#27;[32m and &amp#27;[0m&amp#27;[32m&amp#27;[1m8&amp#27;[0m    &amp#27;[90m# calculadora2022.StepDefinitions.i_want_to_multiply_and(double,double)&amp#27;[0m
  &amp#27;[32mThen &amp#27;[0m&amp#27;[32mI should recieve a correct &amp#27;[0m&amp#27;[32m&amp#27;[1m64&amp#27;[0m &amp#27;[90m# calculadora2022.StepDefinitions.i_should_recieve_a_correct_answer(double)&amp#27;[0m
]]></system-out>
  </testcase>
  <testcase name="Example #1" classname="Examples" time="0.005">
    <system-out><![CDATA[
Scenario Outline: Subtract a positive amount from a positive number &amp#27;[90m# calculadora2022/resta.feature:10&amp#27;[0m
  &amp#27;[32mGiven &amp#27;[0m&amp#27;[32mI have a calculator&amp#27;[0m                                         &amp#27;[90m# calculadora2022.StepDefinitions.i_have_a_calculator()&amp#27;[0m
  &amp#27;[32mWhen &amp#27;[0m&amp#27;[32mI want to substract from &amp#27;[0m&amp#27;[32m&amp#27;[1m2&amp#27;[0m&amp#27;[32m value &amp#27;[0m&amp#27;[32m&amp#27;[1m2&amp#27;[0m                           &amp#27;[90m# calculadora2022.StepDefinitions.i_want_to_substract_from_value(double,double)&amp#27;[0m
  &amp#27;[32mThen &amp#27;[0m&amp#27;[32mI should recieve a correct &amp#27;[0m&amp#27;[32m&amp#27;[1m0&amp#27;[0m                                 &amp#27;[90m# calculadora2022.StepDefinitions.i_should_recieve_a_correct_answer(double)&amp#27;[0m
]]></system-out>
  </testcase>
  <testcase name="Example #1" classname="Examples" time="0.005">
    <system-out><![CDATA[
Scenario Outline: Adding two positive real numbers without decimals &amp#27;[90m# calculadora2022/suma.feature:11&amp#27;[0m
  &amp#27;[32mGiven &amp#27;[0m&amp#27;[32mI have a calculator&amp#27;[0m                                         &amp#27;[90m# calculadora2022.StepDefinitions.i_have_a_calculator()&amp#27;[0m
  &amp#27;[32mWhen &amp#27;[0m&amp#27;[32mI want to add &amp#27;[0m&amp#27;[32m&amp#27;[1m2&amp#27;[0m&amp#27;[32m and &amp#27;[0m&amp#27;[32m&amp#27;[1m2&amp#27;[0m                                        &amp#27;[90m# calculadora2022.StepDefinitions.i_want_to_add_a_and_b(double,double)&amp#27;[0m
  &amp#27;[32mThen &amp#27;[0m&amp#27;[32mI should recieve a correct &amp#27;[0m&amp#27;[32m&amp#27;[1m4&amp#27;[0m                                 &amp#27;[90m# calculadora2022.StepDefinitions.i_should_recieve_a_correct_answer(double)&amp#27;[0m
]]></system-out>
  </testcase>
  <testcase name="Example #1" classname="Examples" time="0.004">
    <system-out><![CDATA[
Scenario Outline: Adding one positive real number and one negative real number with decimals &amp#27;[90m# calculadora2022/suma.feature:25&amp#27;[0m
  &amp#27;[32mGiven &amp#27;[0m&amp#27;[32mI have a calculator&amp#27;[0m                                                                  &amp#27;[90m# calculadora2022.StepDefinitions.i_have_a_calculator()&amp#27;[0m
  &amp#27;[32mWhen &amp#27;[0m&amp#27;[32mI want to add &amp#27;[0m&amp#27;[32m&amp#27;[1m-1&amp#27;[0m&amp#27;[32m and &amp#27;[0m&amp#27;[32m&amp#27;[1m2&amp#27;[0m                                                                &amp#27;[90m# calculadora2022.StepDefinitions.i_want_to_add_a_and_b(double,double)&amp#27;[0m
  &amp#27;[32mThen &amp#27;[0m&amp#27;[32mI should recieve a correct &amp#27;[0m&amp#27;[32m&amp#27;[1m1&amp#27;[0m                                                          &amp#27;[90m# calculadora2022.StepDefinitions.i_should_recieve_a_correct_answer(double)&amp#27;[0m
]]></system-out>
  </testcase>
  <testcase name="Example #2" classname="Examples" time="0.006">
    <system-out><![CDATA[
Scenario Outline: Subtract a positive amount from a positive number &amp#27;[90m# calculadora2022/resta.feature:11&amp#27;[0m
  &amp#27;[32mGiven &amp#27;[0m&amp#27;[32mI have a calculator&amp#27;[0m                                         &amp#27;[90m# calculadora2022.StepDefinitions.i_have_a_calculator()&amp#27;[0m
  &amp#27;[32mWhen &amp#27;[0m&amp#27;[32mI want to substract from &amp#27;[0m&amp#27;[32m&amp#27;[1m0&amp#27;[0m&amp#27;[32m value &amp#27;[0m&amp#27;[32m&amp#27;[1m0&amp#27;[0m                           &amp#27;[90m# calculadora2022.StepDefinitions.i_want_to_substract_from_value(double,double)&amp#27;[0m
  &amp#27;[32mThen &amp#27;[0m&amp#27;[32mI should recieve a correct &amp#27;[0m&amp#27;[32m&amp#27;[1m0&amp#27;[0m                                 &amp#27;[90m# calculadora2022.StepDefinitions.i_should_recieve_a_correct_answer(double)&amp#27;[0m
]]></system-out>
  </testcase>
  <testcase name="Example #2" classname="Examples" time="0.004">
    <system-out><![CDATA[
Scenario Outline: Adding two positive real numbers without decimals &amp#27;[90m# calculadora2022/suma.feature:12&amp#27;[0m
  &amp#27;[32mGiven &amp#27;[0m&amp#27;[32mI have a calculator&amp#27;[0m                                         &amp#27;[90m# calculadora2022.StepDefinitions.i_have_a_calculator()&amp#27;[0m
  &amp#27;[32mWhen &amp#27;[0m&amp#27;[32mI want to add &amp#27;[0m&amp#27;[32m&amp#27;[1m0&amp#27;[0m&amp#27;[32m and &amp#27;[0m&amp#27;[32m&amp#27;[1m0&amp#27;[0m                                        &amp#27;[90m# calculadora2022.StepDefinitions.i_want_to_add_a_and_b(double,double)&amp#27;[0m
  &amp#27;[32mThen &amp#27;[0m&amp#27;[32mI should recieve a correct &amp#27;[0m&amp#27;[32m&amp#27;[1m0&amp#27;[0m                                 &amp#27;[90m# calculadora2022.StepDefinitions.i_should_recieve_a_correct_answer(double)&amp#27;[0m
]]></system-out>
  </testcase>
  <testcase name="Example #2" classname="Examples" time="0.004">
    <system-out><![CDATA[
Scenario Outline: Adding one positive real number and one negative real number with decimals &amp#27;[90m# calculadora2022/suma.feature:26&amp#27;[0m
  &amp#27;[32mGiven &amp#27;[0m&amp#27;[32mI have a calculator&amp#27;[0m                                                                  &amp#27;[90m# calculadora2022.StepDefinitions.i_have_a_calculator()&amp#27;[0m
  &amp#27;[32mWhen &amp#27;[0m&amp#27;[32mI want to add &amp#27;[0m&amp#27;[32m&amp#27;[1m0&amp#27;[0m&amp#27;[32m and &amp#27;[0m&amp#27;[32m&amp#27;[1m0&amp#27;[0m                                                                 &amp#27;[90m# calculadora2022.StepDefinitions.i_want_to_add_a_and_b(double,double)&amp#27;[0m
  &amp#27;[32mThen &amp#27;[0m&amp#27;[32mI should recieve a correct &amp#27;[0m&amp#27;[32m&amp#27;[1m0&amp#27;[0m                                                          &amp#27;[90m# calculadora2022.StepDefinitions.i_should_recieve_a_correct_answer(double)&amp#27;[0m
]]></system-out>
  </testcase>
  <testcase name="Example #3" classname="Examples" time="0.006">
    <system-out><![CDATA[
Scenario Outline: Subtract a positive amount from a positive number &amp#27;[90m# calculadora2022/resta.feature:12&amp#27;[0m
  &amp#27;[32mGiven &amp#27;[0m&amp#27;[32mI have a calculator&amp#27;[0m                                         &amp#27;[90m# calculadora2022.StepDefinitions.i_have_a_calculator()&amp#27;[0m
  &amp#27;[32mWhen &amp#27;[0m&amp#27;[32mI want to substract from &amp#27;[0m&amp#27;[32m&amp#27;[1m8&amp#27;[0m&amp#27;[32m value &amp#27;[0m&amp#27;[32m&amp#27;[1m1&amp#27;[0m                           &amp#27;[90m# calculadora2022.StepDefinitions.i_want_to_substract_from_value(double,double)&amp#27;[0m
  &amp#27;[32mThen &amp#27;[0m&amp#27;[32mI should recieve a correct &amp#27;[0m&amp#27;[32m&amp#27;[1m7&amp#27;[0m                                 &amp#27;[90m# calculadora2022.StepDefinitions.i_should_recieve_a_correct_answer(double)&amp#27;[0m
]]></system-out>
  </testcase>
  <testcase name="Example #3" classname="Examples" time="0.005">
    <system-out><![CDATA[
Scenario Outline: Adding two positive real numbers without decimals &amp#27;[90m# calculadora2022/suma.feature:13&amp#27;[0m
  &amp#27;[32mGiven &amp#27;[0m&amp#27;[32mI have a calculator&amp#27;[0m                                         &amp#27;[90m# calculadora2022.StepDefinitions.i_have_a_calculator()&amp#27;[0m
  &amp#27;[32mWhen &amp#27;[0m&amp#27;[32mI want to add &amp#27;[0m&amp#27;[32m&amp#27;[1m1&amp#27;[0m&amp#27;[32m and &amp#27;[0m&amp#27;[32m&amp#27;[1m1&amp#27;[0m                                        &amp#27;[90m# calculadora2022.StepDefinitions.i_want_to_add_a_and_b(double,double)&amp#27;[0m
  &amp#27;[32mThen &amp#27;[0m&amp#27;[32mI should recieve a correct &amp#27;[0m&amp#27;[32m&amp#27;[1m2&amp#27;[0m                                 &amp#27;[90m# calculadora2022.StepDefinitions.i_should_recieve_a_correct_answer(double)&amp#27;[0m
]]></system-out>
  </testcase>
  <testcase name="Example #3" classname="Examples" time="0.004">
    <system-out><![CDATA[
Scenario Outline: Adding one positive real number and one negative real number with decimals &amp#27;[90m# calculadora2022/suma.feature:27&amp#27;[0m
  &amp#27;[32mGiven &amp#27;[0m&amp#27;[32mI have a calculator&amp#27;[0m                                                                  &amp#27;[90m# calculadora2022.StepDefinitions.i_have_a_calculator()&amp#27;[0m
  &amp#27;[32mWhen &amp#27;[0m&amp#27;[32mI want to add &amp#27;[0m&amp#27;[32m&amp#27;[1m1&amp#27;[0m&amp#27;[32m and &amp#27;[0m&amp#27;[32m&amp#27;[1m-1&amp#27;[0m                                                                &amp#27;[90m# calculadora2022.StepDefinitions.i_want_to_add_a_and_b(double,double)&amp#27;[0m
  &amp#27;[32mThen &amp#27;[0m&amp#27;[32mI should recieve a correct &amp#27;[0m&amp#27;[32m&amp#27;[1m0&amp#27;[0m                                                          &amp#27;[90m# calculadora2022.StepDefinitions.i_should_recieve_a_correct_answer(double)&amp#27;[0m
]]></system-out>
  </testcase>
  <testcase name="Example #4" classname="Examples" time="0.006">
    <system-out><![CDATA[
Scenario Outline: Subtract a positive amount from a positive number &amp#27;[90m# calculadora2022/resta.feature:13&amp#27;[0m
  &amp#27;[32mGiven &amp#27;[0m&amp#27;[32mI have a calculator&amp#27;[0m                                         &amp#27;[90m# calculadora2022.StepDefinitions.i_have_a_calculator()&amp#27;[0m
  &amp#27;[32mWhen &amp#27;[0m&amp#27;[32mI want to substract from &amp#27;[0m&amp#27;[32m&amp#27;[1m3&amp#27;[0m&amp#27;[32m value &amp#27;[0m&amp#27;[32m&amp#27;[1m4&amp#27;[0m                           &amp#27;[90m# calculadora2022.StepDefinitions.i_want_to_substract_from_value(double,double)&amp#27;[0m
  &amp#27;[32mThen &amp#27;[0m&amp#27;[32mI should recieve a correct &amp#27;[0m&amp#27;[32m&amp#27;[1m-1&amp#27;[0m                                &amp#27;[90m# calculadora2022.StepDefinitions.i_should_recieve_a_correct_answer(double)&amp#27;[0m
]]></system-out>
  </testcase>
  <testcase name="Example #4" classname="Examples" time="0.005">
    <system-out><![CDATA[
Scenario Outline: Adding two positive real numbers without decimals &amp#27;[90m# calculadora2022/suma.feature:14&amp#27;[0m
  &amp#27;[32mGiven &amp#27;[0m&amp#27;[32mI have a calculator&amp#27;[0m                                         &amp#27;[90m# calculadora2022.StepDefinitions.i_have_a_calculator()&amp#27;[0m
  &amp#27;[32mWhen &amp#27;[0m&amp#27;[32mI want to add &amp#27;[0m&amp#27;[32m&amp#27;[1m3&amp#27;[0m&amp#27;[32m and &amp#27;[0m&amp#27;[32m&amp#27;[1m3&amp#27;[0m                                        &amp#27;[90m# calculadora2022.StepDefinitions.i_want_to_add_a_and_b(double,double)&amp#27;[0m
  &amp#27;[32mThen &amp#27;[0m&amp#27;[32mI should recieve a correct &amp#27;[0m&amp#27;[32m&amp#27;[1m6&amp#27;[0m                                 &amp#27;[90m# calculadora2022.StepDefinitions.i_should_recieve_a_correct_answer(double)&amp#27;[0m
]]></system-out>
  </testcase>
  <testcase name="Example #4" classname="Examples" time="0.004">
    <system-out><![CDATA[
Scenario Outline: Adding one positive real number and one negative real number with decimals &amp#27;[90m# calculadora2022/suma.feature:28&amp#27;[0m
  &amp#27;[32mGiven &amp#27;[0m&amp#27;[32mI have a calculator&amp#27;[0m                                                                  &amp#27;[90m# calculadora2022.StepDefinitions.i_have_a_calculator()&amp#27;[0m
  &amp#27;[32mWhen &amp#27;[0m&amp#27;[32mI want to add &amp#27;[0m&amp#27;[32m&amp#27;[1m3&amp#27;[0m&amp#27;[32m and &amp#27;[0m&amp#27;[32m&amp#27;[1m-8&amp#27;[0m                                                                &amp#27;[90m# calculadora2022.StepDefinitions.i_want_to_add_a_and_b(double,double)&amp#27;[0m
  &amp#27;[32mThen &amp#27;[0m&amp#27;[32mI should recieve a correct &amp#27;[0m&amp#27;[32m&amp#27;[1m-5&amp#27;[0m                                                         &amp#27;[90m# calculadora2022.StepDefinitions.i_should_recieve_a_correct_answer(double)&amp#27;[0m
]]></system-out>
  </testcase>
  <testcase name="Example #5" classname="Examples" time="0.006">
    <system-out><![CDATA[
Scenario Outline: Subtract a positive amount from a positive number &amp#27;[90m# calculadora2022/resta.feature:14&amp#27;[0m
  &amp#27;[32mGiven &amp#27;[0m&amp#27;[32mI have a calculator&amp#27;[0m                                         &amp#27;[90m# calculadora2022.StepDefinitions.i_have_a_calculator()&amp#27;[0m
  &amp#27;[32mWhen &amp#27;[0m&amp#27;[32mI want to substract from &amp#27;[0m&amp#27;[32m&amp#27;[1m1&amp#27;[0m&amp#27;[32m value &amp#27;[0m&amp#27;[32m&amp#27;[1m0&amp#27;[0m                           &amp#27;[90m# calculadora2022.StepDefinitions.i_want_to_substract_from_value(double,double)&amp#27;[0m
  &amp#27;[32mThen &amp#27;[0m&amp#27;[32mI should recieve a correct &amp#27;[0m&amp#27;[32m&amp#27;[1m1&amp#27;[0m                                 &amp#27;[90m# calculadora2022.StepDefinitions.i_should_recieve_a_correct_answer(double)&amp#27;[0m
]]></system-out>
  </testcase>
  <testcase name="Example #5" classname="Examples" time="0.005">
    <system-out><![CDATA[
Scenario Outline: Adding two positive real numbers without decimals &amp#27;[90m# calculadora2022/suma.feature:15&amp#27;[0m
  &amp#27;[32mGiven &amp#27;[0m&amp#27;[32mI have a calculator&amp#27;[0m                                         &amp#27;[90m# calculadora2022.StepDefinitions.i_have_a_calculator()&amp#27;[0m
  &amp#27;[32mWhen &amp#27;[0m&amp#27;[32mI want to add &amp#27;[0m&amp#27;[32m&amp#27;[1m1&amp#27;[0m&amp#27;[32m and &amp#27;[0m&amp#27;[32m&amp#27;[1m0&amp#27;[0m                                        &amp#27;[90m# calculadora2022.StepDefinitions.i_want_to_add_a_and_b(double,double)&amp#27;[0m
  &amp#27;[32mThen &amp#27;[0m&amp#27;[32mI should recieve a correct &amp#27;[0m&amp#27;[32m&amp#27;[1m1&amp#27;[0m                                 &amp#27;[90m# calculadora2022.StepDefinitions.i_should_recieve_a_correct_answer(double)&amp#27;[0m
]]></system-out>
  </testcase>
  <testcase name="Example #5" classname="Examples" time="0.004">
    <system-out><![CDATA[
Scenario Outline: Adding one positive real number and one negative real number with decimals &amp#27;[90m# calculadora2022/suma.feature:29&amp#27;[0m
  &amp#27;[32mGiven &amp#27;[0m&amp#27;[32mI have a calculator&amp#27;[0m                                                                  &amp#27;[90m# calculadora2022.StepDefinitions.i_have_a_calculator()&amp#27;[0m
  &amp#27;[32mWhen &amp#27;[0m&amp#27;[32mI want to add &amp#27;[0m&amp#27;[32m&amp#27;[1m1&amp#27;[0m&amp#27;[32m and &amp#27;[0m&amp#27;[32m&amp#27;[1m0&amp#27;[0m                                                                 &amp#27;[90m# calculadora2022.StepDefinitions.i_want_to_add_a_and_b(double,double)&amp#27;[0m
  &amp#27;[32mThen &amp#27;[0m&amp#27;[32mI should recieve a correct &amp#27;[0m&amp#27;[32m&amp#27;[1m1&amp#27;[0m                                                          &amp#27;[90m# calculadora2022.StepDefinitions.i_should_recieve_a_correct_answer(double)&amp#27;[0m
]]></system-out>
  </testcase>
  <testcase name="Example #6" classname="Examples" time="0.005">
    <system-out><![CDATA[
Scenario Outline: Subtract a positive amount from a positive number &amp#27;[90m# calculadora2022/resta.feature:15&amp#27;[0m
  &amp#27;[32mGiven &amp#27;[0m&amp#27;[32mI have a calculator&amp#27;[0m                                         &amp#27;[90m# calculadora2022.StepDefinitions.i_have_a_calculator()&amp#27;[0m
  &amp#27;[32mWhen &amp#27;[0m&amp#27;[32mI want to substract from &amp#27;[0m&amp#27;[32m&amp#27;[1m20&amp#27;[0m&amp#27;[32m value &amp#27;[0m&amp#27;[32m&amp#27;[1m100&amp#27;[0m                        &amp#27;[90m# calculadora2022.StepDefinitions.i_want_to_substract_from_value(double,double)&amp#27;[0m
  &amp#27;[32mThen &amp#27;[0m&amp#27;[32mI should recieve a correct &amp#27;[0m&amp#27;[32m&amp#27;[1m-80&amp#27;[0m                               &amp#27;[90m# calculadora2022.StepDefinitions.i_should_recieve_a_correct_answer(double)&amp#27;[0m
]]></system-out>
  </testcase>
  <testcase name="Example #6" classname="Examples" time="0.006">
    <system-out><![CDATA[
Scenario Outline: Adding two positive real numbers without decimals &amp#27;[90m# calculadora2022/suma.feature:16&amp#27;[0m
  &amp#27;[32mGiven &amp#27;[0m&amp#27;[32mI have a calculator&amp#27;[0m                                         &amp#27;[90m# calculadora2022.StepDefinitions.i_have_a_calculator()&amp#27;[0m
  &amp#27;[32mWhen &amp#27;[0m&amp#27;[32mI want to add &amp#27;[0m&amp#27;[32m&amp#27;[1m20&amp#27;[0m&amp#27;[32m and &amp#27;[0m&amp#27;[32m&amp#27;[1m100&amp#27;[0m                                     &amp#27;[90m# calculadora2022.StepDefinitions.i_want_to_add_a_and_b(double,double)&amp#27;[0m
  &amp#27;[32mThen &amp#27;[0m&amp#27;[32mI should recieve a correct &amp#27;[0m&amp#27;[32m&amp#27;[1m120&amp#27;[0m                               &amp#27;[90m# calculadora2022.StepDefinitions.i_should_recieve_a_correct_answer(double)&amp#27;[0m
]]></system-out>
  </testcase>
  <testcase name="Example #6" classname="Examples" time="0.005">
    <system-out><![CDATA[
Scenario Outline: Adding one positive real number and one negative real number with decimals &amp#27;[90m# calculadora2022/suma.feature:30&amp#27;[0m
  &amp#27;[32mGiven &amp#27;[0m&amp#27;[32mI have a calculator&amp#27;[0m                                                                  &amp#27;[90m# calculadora2022.StepDefinitions.i_have_a_calculator()&amp#27;[0m
  &amp#27;[32mWhen &amp#27;[0m&amp#27;[32mI want to add &amp#27;[0m&amp#27;[32m&amp#27;[1m-20.5&amp#27;[0m&amp#27;[32m and &amp#27;[0m&amp#27;[32m&amp#27;[1m140&amp#27;[0m                                                           &amp#27;[90m# calculadora2022.StepDefinitions.i_want_to_add_a_and_b(double,double)&amp#27;[0m
  &amp#27;[32mThen &amp#27;[0m&amp#27;[32mI should recieve a correct &amp#27;[0m&amp#27;[32m&amp#27;[1m119.5&amp#27;[0m                                                      &amp#27;[90m# calculadora2022.StepDefinitions.i_should_recieve_a_correct_answer(double)&amp#27;[0m
]]></system-out>
  </testcase>
  <testcase name="Subtract a negative amount from a positive number" classname="Substract two numbers" time="0.005">
    <system-out><![CDATA[
Scenario: Subtract a negative amount from a positive number &amp#27;[90m# calculadora2022/resta.feature:17&amp#27;[0m
  &amp#27;[32mGiven &amp#27;[0m&amp#27;[32mI have a calculator&amp#27;[0m                                 &amp#27;[90m# calculadora2022.StepDefinitions.i_have_a_calculator()&amp#27;[0m
  &amp#27;[32mWhen &amp#27;[0m&amp#27;[32mI want to substract from &amp#27;[0m&amp#27;[32m&amp#27;[1m8&amp#27;[0m&amp#27;[32m value &amp#27;[0m&amp#27;[32m&amp#27;[1m-5&amp#27;[0m                  &amp#27;[90m# calculadora2022.StepDefinitions.i_want_to_substract_from_value(double,double)&amp#27;[0m
  &amp#27;[32mThen &amp#27;[0m&amp#27;[32mI should recieve a correct &amp#27;[0m&amp#27;[32m&amp#27;[1m13&amp#27;[0m                        &amp#27;[90m# calculadora2022.StepDefinitions.i_should_recieve_a_correct_answer(double)&amp#27;[0m
]]></system-out>
  </testcase>
</testsuite>